QUANTIDADE DE CPUS: 8
Cluster 11700 desconectado
Cluster 11700 finalizado
Ntalk no ar.
Cluster 17008 conectado
redis conectado
Ntalk no ar.
Cluster 16756 conectado
redis conectado
Ntalk no ar.
Cluster 3252 conectado
redis conectado
Ntalk no ar.
Cluster 16212 conectado
redis conectado
Ntalk no ar.
Cluster 14848 conectado
redis conectado
Ntalk no ar.
Cluster 16476 conectado
Cluster 6084 desconectado
redis conectado
Cluster 6084 finalizado
Cluster 16476 desconectado
Cluster 16476 finalizado
Cluster 3252 desconectado
Cluster 3252 finalizado
Cluster 17008 desconectado
Cluster 17008 finalizado
Cluster 16212 desconectado
Cluster 16212 finalizado
Cluster 14848 desconectado
Cluster 14848 finalizado
Cluster 16756 desconectado
Cluster 16756 finalizado
QUANTIDADE DE CPUS: 8
Ntalk no ar.
Cluster 1564 conectado
redis conectado
Ntalk no ar.
Cluster 16244 conectado
Ntalk no ar.
Cluster 7348 conectado
redis conectado
redis conectado
Ntalk no ar.
Cluster 14060 conectado
Ntalk no ar.
Cluster 4492 conectado
redis conectado
redis conectado
Ntalk no ar.
Cluster 14668 conectado
redis conectado
Ntalk no ar.
Cluster 9184 conectado
redis conectado
Cluster 4492 desconectado
Cluster 1564 desconectado
Cluster 1312 desconectado
Cluster 14060 desconectado
Cluster 9184 desconectado
Cluster 14668 desconectado
Cluster 7348 desconectado
Cluster 1564 finalizado
Cluster 4492 finalizado
Cluster 1312 finalizado
Cluster 9184 finalizado
Cluster 16244 desconectado
Cluster 14668 finalizado
Cluster 14060 finalizado
Cluster 7348 finalizado
Cluster 16244 finalizado
QUANTIDADE DE CPUS: 8
Cluster 16780 desconectado
Cluster 15440 desconectado
Cluster 12120 desconectado
Cluster 9808 desconectado
Cluster 1548 desconectado
Cluster 12016 desconectado
Cluster 16780 finalizado
Cluster 2708 desconectado
Cluster 1700 desconectado
Cluster 12120 finalizado
Cluster 15440 finalizado
Cluster 9808 finalizado
Cluster 12016 finalizado
Cluster 1548 finalizado
Cluster 1700 finalizado
Cluster 2708 finalizado
QUANTIDADE DE CPUS: 8
Cluster 8616 desconectado
Cluster 15212 desconectado
Cluster 17116 desconectado
Cluster 1600 desconectado
Cluster 15608 desconectado
Cluster 8008 desconectado
Cluster 7772 desconectado
Cluster 12784 desconectado
Cluster 15212 finalizado
Cluster 15608 finalizado
Cluster 1600 finalizado
Cluster 8616 finalizado
Cluster 17116 finalizado
Cluster 8008 finalizado
Cluster 12784 finalizado
Cluster 7772 finalizado
QUANTIDADE DE CPUS: 8
Cluster 10340 desconectado
Cluster 1980 desconectado
Cluster 696 desconectado
Cluster 17284 desconectado
Cluster 15912 desconectado
Cluster 6216 desconectado
Cluster 10340 finalizado
Cluster 8236 desconectado
Cluster 17216 desconectado
Cluster 696 finalizado
Cluster 1980 finalizado
Cluster 15912 finalizado
Cluster 17284 finalizado
Cluster 6216 finalizado
Cluster 8236 finalizado
Cluster 17216 finalizado
QUANTIDADE DE CPUS: 8
Cluster 4964 desconectado
Cluster 9576 desconectado
Cluster 1444 desconectado
Cluster 16496 desconectado
Cluster 2976 desconectado
Cluster 16396 desconectado
Cluster 13232 desconectado
Cluster 4964 finalizado
Cluster 9576 finalizado
Cluster 10720 desconectado
Cluster 16496 finalizado
Cluster 1444 finalizado
Cluster 2976 finalizado
Cluster 13232 finalizado
Cluster 16396 finalizado
Cluster 10720 finalizado
QUANTIDADE DE CPUS: 8
Cluster 12580 desconectado
Cluster 5884 desconectado
Cluster 16080 desconectado
Cluster 5008 desconectado
Cluster 16880 desconectado
Cluster 2420 desconectado
Cluster 12000 desconectado
Cluster 12580 finalizado
Cluster 16280 desconectado
Cluster 5008 finalizado
Cluster 16880 finalizado
Cluster 2420 finalizado
Cluster 5884 finalizado
Cluster 16080 finalizado
Cluster 12000 finalizado
Cluster 16280 finalizado
QUANTIDADE DE CPUS: 8
Ntalk no ar.
Cluster 15468 conectado
redis conectado
Cluster 13160 desconectado
Cluster 11300 desconectado
Cluster 5068 desconectado
Cluster 15468 desconectado
Cluster 16720 desconectado
Cluster 11048 desconectado
Cluster 13160 finalizado
Cluster 17320 desconectado
Cluster 17392 desconectado
Cluster 11300 finalizado
Cluster 16720 finalizado
Cluster 11048 finalizado
Cluster 5068 finalizado
Cluster 15468 finalizado
Cluster 17392 finalizado
Cluster 17320 finalizado
QUANTIDADE DE CPUS: 8
Cluster 16664 desconectado
Cluster 16120 desconectado
Cluster 9648 desconectado
Cluster 9712 desconectado
Cluster 9836 desconectado
Cluster 9404 desconectado
Cluster 5028 desconectado
Cluster 14808 desconectado
Cluster 9712 finalizado
Cluster 16120 finalizado
Cluster 16664 finalizado
Cluster 9836 finalizado
Cluster 9648 finalizado
Cluster 5028 finalizado
Cluster 9404 finalizado
Cluster 14808 finalizado
QUANTIDADE DE CPUS: 8
Cluster 15732 desconectado
Cluster 2444 desconectado
Cluster 14952 desconectado
Cluster 6792 desconectado
Cluster 14576 desconectado
Cluster 5324 desconectado
Cluster 11196 desconectado
Cluster 15588 desconectado
Cluster 15732 finalizado
Cluster 2444 finalizado
Cluster 14952 finalizado
Cluster 11196 finalizado
Cluster 5324 finalizado
Cluster 14576 finalizado
Cluster 6792 finalizado
Cluster 15588 finalizado
